<?xml version="1.0" encoding="UTF-8"?>
<!-- Generated by org.testng.reporters.JUnitReportReporter -->
<testsuite hostname="DESKTOP-2B01E58" name="com.dev.GmailTest.GmailTest" tests="1" failures="0" timestamp="14 Jan 2016 10:52:32 GMT" time="37.169" errors="0">
  <testcase name="SignIn" time="37.169" classname="com.dev.GmailTest.GmailTest"/>
</testsuite> <!-- com.dev.GmailTest.GmailTest -->
