<?xml version="1.0" encoding="UTF-8"?>
<!-- Generated by org.testng.reporters.JUnitReportReporter -->
<testsuite hostname="DESKTOP-2B01E58" name="com.dev.GmailTest.GmailTest" tests="1" failures="0" timestamp="15 Jan 2016 21:43:20 GMT" time="61.002" errors="0">
  <testcase name="chekEmail" time="61.002" classname="com.dev.GmailTest.GmailTest"/>
</testsuite> <!-- com.dev.GmailTest.GmailTest -->
