<?xml version="1.0" encoding="UTF-8"?>
<!-- Generated by org.testng.reporters.JUnitReportReporter -->
<testsuite hostname="DESKTOP-2B01E58" name="com.dev.GmailTest.GmailTest" tests="2" failures="0" timestamp="17 Jan 2016 09:30:23 GMT" time="148.857" errors="0">
  <testcase name="SignIn" time="77.910" classname="com.dev.GmailTest.GmailTest"/>
  <testcase name="chekEmail" time="70.947" classname="com.dev.GmailTest.GmailTest"/>
</testsuite> <!-- com.dev.GmailTest.GmailTest -->
